<?xml version="1.0" encoding="UTF-8"?>
<testsuite xmlns:xsi="http://www.w3.org/2001/XMLSchema-instance" xsi:noNamespaceSchemaLocation="https://maven.apache.org/surefire/maven-surefire-plugin/xsd/surefire-test-report-3.0.xsd" version="3.0" name="com.yishou.liuyao.casecenter.controller.CaseCenterControllerTest" time="2.08" tests="2" errors="0" skipped="0" failures="0">
  <properties>
[...]
</properties>
  <testcase name="shouldReturnUnifiedFailureWhenCaseNotFound" classname="com.yishou.liuyao.casecenter.controller.CaseCenterControllerTest" time="0.302">
    <system-out><![CDATA[15:41:27.812 [main] INFO org.springframework.test.context.support.AnnotationConfigContextLoaderUtils -- Could not detect default configuration classes for test class [com.yishou.liuyao.casecenter.controller.CaseCenterControllerTest]: CaseCenterControllerTest does not declare any static, non-private, non-final, nested classes annotated with @Configuration.
15:41:27.867 [main] INFO org.springframework.boot.test.context.SpringBootTestContextBootstrapper -- Found @SpringBootConfiguration com.yishou.liuyao.LiuyaoApplication for test class com.yishou.liuyao.casecenter.controller.CaseCenterControllerTest

  .   ____          _            __ _ _
 /\\ / ___'_ __ _ _(_)_ __  __ _ \ \ \ \
( ( )\___ | '_ | '_| | '_ \/ _` | \ \ \ \
 \\/  ___)| |_)| | | | | || (_| |  ) ) ) )
  '  |____| .__|_| |_|_| |_\__, | / / / /
 =========|_|==============|___/=/_/_/_/

 :: Spring Boot ::                (v3.3.2)

2026-04-06T15:41:28.008+08:00  INFO 45776 --- [           main] c.y.l.c.c.CaseCenterControllerTest       : Starting CaseCenterControllerTest using Java 23.0.2 with PID 45776 (started by liuyishou in /Users/liuyishou/wordspace/liuyao/liuyao-app)
2026-04-06T15:41:28.009+08:00  INFO 45776 --- [           main] c.y.l.c.c.CaseCenterControllerTest       : No active profile set, falling back to 1 default profile: "default"
2026-04-06T15:41:28.262+08:00  INFO 45776 --- [           main] .s.d.r.c.RepositoryConfigurationDelegate : Bootstrapping Spring Data JPA repositories in DEFAULT mode.
2026-04-06T15:41:28.285+08:00  INFO 45776 --- [           main] .s.d.r.c.RepositoryConfigurationDelegate : Finished Spring Data repository scanning in 20 ms. Found 4 JPA repository interfaces.
2026-04-06T15:41:28.468+08:00  INFO 45776 --- [           main] com.zaxxer.hikari.HikariDataSource       : HikariPool-1 - Starting...
2026-04-06T15:41:28.534+08:00  INFO 45776 --- [           main] com.zaxxer.hikari.pool.HikariPool        : HikariPool-1 - Added connection conn0: url=jdbc:h2:mem:liuyao user=SA
2026-04-06T15:41:28.535+08:00  INFO 45776 --- [           main] com.zaxxer.hikari.HikariDataSource       : HikariPool-1 - Start completed.
2026-04-06T15:41:28.553+08:00  INFO 45776 --- [           main] org.flywaydb.core.FlywayExecutor         : Database: jdbc:h2:mem:liuyao (H2 2.2)
2026-04-06T15:41:28.558+08:00  WARN 45776 --- [           main] o.f.c.internal.database.base.Database    : Flyway upgrade recommended: H2 2.2.224 is newer than this version of Flyway and support has not been tested. The latest supported version of H2 is 2.2.220.
2026-04-06T15:41:28.565+08:00  INFO 45776 --- [           main] o.f.c.i.s.JdbcTableSchemaHistory         : Schema history table "PUBLIC"."flyway_schema_history" does not exist yet
2026-04-06T15:41:28.566+08:00  INFO 45776 --- [           main] o.f.core.internal.command.DbValidate     : Successfully validated 2 migrations (execution time 00:00.004s)
2026-04-06T15:41:28.568+08:00  INFO 45776 --- [           main] o.f.c.i.s.JdbcTableSchemaHistory         : Creating Schema History table "PUBLIC"."flyway_schema_history" ...
2026-04-06T15:41:28.580+08:00  INFO 45776 --- [           main] o.f.core.internal.command.DbMigrate      : Current version of schema "PUBLIC": << Empty Schema >>
2026-04-06T15:41:28.584+08:00  INFO 45776 --- [           main] o.f.core.internal.command.DbMigrate      : Migrating schema "PUBLIC" to version "1 - init schema"
2026-04-06T15:41:28.591+08:00  INFO 45776 --- [           main] o.f.core.internal.command.DbMigrate      : Migrating schema "PUBLIC" to version "2 - add case snapshot index fields"
2026-04-06T15:41:28.602+08:00  INFO 45776 --- [           main] o.f.core.internal.command.DbMigrate      : Successfully applied 2 migrations to schema "PUBLIC", now at version v2 (execution time 00:00.012s)
2026-04-06T15:41:28.633+08:00  INFO 45776 --- [           main] o.hibernate.jpa.internal.util.LogHelper  : HHH000204: Processing PersistenceUnitInfo [name: default]
2026-04-06T15:41:28.655+08:00  INFO 45776 --- [           main] org.hibernate.Version                    : HHH000412: Hibernate ORM core version 6.5.2.Final
2026-04-06T15:41:28.667+08:00  INFO 45776 --- [           main] o.h.c.internal.RegionFactoryInitiator    : HHH000026: Second-level cache disabled
2026-04-06T15:41:28.767+08:00  INFO 45776 --- [           main] o.s.o.j.p.SpringPersistenceUnitInfo      : No LoadTimeWeaver setup: ignoring JPA class transformer
2026-04-06T15:41:29.094+08:00  INFO 45776 --- [           main] o.h.e.t.j.p.i.JtaPlatformInitiator       : HHH000489: No JTA platform available (set 'hibernate.transaction.jta.platform' to enable JTA platform integration)
2026-04-06T15:41:29.095+08:00  INFO 45776 --- [           main] j.LocalContainerEntityManagerFactoryBean : Initialized JPA EntityManagerFactory for persistence unit 'default'
2026-04-06T15:41:29.398+08:00  INFO 45776 --- [           main] o.s.b.t.m.w.SpringBootMockServletContext : Initializing Spring TestDispatcherServlet ''
2026-04-06T15:41:29.399+08:00  INFO 45776 --- [           main] o.s.t.web.servlet.TestDispatcherServlet  : Initializing Servlet ''
2026-04-06T15:41:29.399+08:00  INFO 45776 --- [           main] o.s.t.web.servlet.TestDispatcherServlet  : Completed initialization in 0 ms
2026-04-06T15:41:29.406+08:00  INFO 45776 --- [           main] c.y.l.c.c.CaseCenterControllerTest       : Started CaseCenterControllerTest in 1.489 seconds (process running for 1.896)
]]></system-out>
    <system-err><![CDATA[WARNING: A Java agent has been loaded dynamically (/Users/liuyishou/.m2/repository/net/bytebuddy/byte-buddy-agent/1.14.18/byte-buddy-agent-1.14.18.jar)
WARNING: If a serviceability tool is in use, please run with -XX:+EnableDynamicAgentLoading to hide this warning
WARNING: If a serviceability tool is not in use, please run with -Djdk.instrument.traceUsage for more information
WARNING: Dynamic loading of agents will be disallowed by default in a future release
]]></system-err>
  </testcase>
  <testcase name="shouldListAndLoadCaseDetailThroughHttpEndpoints" classname="com.yishou.liuyao.casecenter.controller.CaseCenterControllerTest" time="0.115"/>
</testsuite>